  Source.cpp
C:\Users\ikstr\source\repos\cnc\cnc\Source.cpp(72,15): warning C4244: 'argument': conversion from 'double' to 'D', possible loss of data
          with
          [
              D=int
          ]
C:\Users\ikstr\source\repos\cnc\cnc\Source.cpp(64,26): error C2664: 'iterator<T,Hool<T,int>>::iterator(T *)': cannot convert argument 1 from 'Hool<double,int> *' to 'T *'
          with
          [
              T=double
          ]
C:\Users\ikstr\source\repos\cnc\cnc\Source.cpp(64,32): message : Types pointed to are unrelated; conversion requires reinterpret_cast, C-style cast or function-style cast
C:\Users\ikstr\source\repos\cnc\cnc\Source.cpp(15,2): message : see declaration of 'iterator<T,Hool<T,int>>::iterator'
          with
          [
              T=double
          ]
C:\Users\ikstr\source\repos\cnc\cnc\Source.cpp(63): message : while compiling class template member function 'iterator<T,Hool<T,int>> *Hool<T,int>::Iterator(void)'
          with
          [
              T=double
          ]
C:\Users\ikstr\source\repos\cnc\cnc\Source.cpp(82): message : see reference to function template instantiation 'iterator<T,Hool<T,int>> *Hool<T,int>::Iterator(void)' being compiled
          with
          [
              T=double
          ]
C:\Users\ikstr\source\repos\cnc\cnc\Source.cpp(71): message : see reference to class template instantiation 'Hool<double,int>' being compiled
